#
# A fatal error has been detected by the Java Runtime Environment:
#
#  EXCEPTION_ACCESS_VIOLATION (0xc0000005) at pc=0x6d166ae0, pid=3256, tid=3452
#
# JRE version: 6.0_19-b04
# Java VM: Java HotSpot(TM) Client VM (16.2-b04 mixed mode, sharing windows-x86 )
# Problematic frame:
# C  [awt.dll+0xb6ae0]
#
# If you would like to submit a bug report, please visit:
#   http://java.sun.com/webapps/bugreport/crash.jsp
# The crash happened outside the Java Virtual Machine in native code.
# See problematic frame for where to report the bug.
#

---------------  T H R E A D  ---------------

Current thread (0x03ede800):  JavaThread "AWT-Windows" daemon [_thread_in_native, id=3452, stack(0x04290000,0x042e0000)]

siginfo: ExceptionCode=0xc0000005, reading address 0x00000000

Registers:
EAX=0x042df760, EBX=0x03f06dc0, ECX=0x000002bc, EDX=0x000000c0
ESP=0x042df748, EBP=0x042df8b8, ESI=0x00000000, EDI=0x000000c0
EIP=0x6d166ae0, EFLAGS=0x00010216

Top of Stack: (sp=0x042df748)
0x042df748:   042df760 00001000 00000000 03ef4fb8
0x042df758:   03ef4f00 00000384 000002b7 6d15efcc
0x042df768:   00000000 03edf928 03eece90 03ef4fb8
0x042df778:   6d163743 00000000 00009824 03ede910
0x042df788:   00000001 00000384 fffffffe 747e4737
0x042df798:   00000384 00000000 0000980d 03ede910
0x042df7a8:   019eeaf0 0000980d 00000000 00000000
0x042df7b8:   042df810 0000980d 042df7d0 042df7ec 

Instructions: (pc=0x6d166ae0)
0x6d166ad0:   05 00 20 00 00 50 c1 e2 05 8d 44 24 14 50 8b fa
0x6d166ae0:   8b 16 57 c1 e1 05 51 56 ff 52 2c 85 c0 0f 8c 93 


Stack: [0x04290000,0x042e0000],  sp=0x042df748,  free space=13d042df264k
Native frames: (J=compiled Java code, j=interpreted, Vv=VM code, C=native code)
C  [awt.dll+0xb6ae0]
C  [awt.dll+0x9c6ec]
C  [USER32.dll+0x186ef]
C  [USER32.dll+0x18876]
C  [USER32.dll+0x170f4]
C  [USER32.dll+0x1738f]
C  [ntdll.dll+0x4642e]
C  [USER32.dll+0x192a9]

Java frames: (J=compiled Java code, j=interpreted, Vv=VM code)
j  sun.awt.windows.WToolkit.eventLoop()V+0
j  sun.awt.windows.WToolkit.run()V+77
j  java.lang.Thread.run()V+11
v  ~StubRoutines::call_stub

---------------  P R O C E S S  ---------------

Java Threads: ( => current thread )
  0x01a26000 JavaThread "Thread-4" daemon [_thread_in_native, id=2544, stack(0x06c00000,0x06c50000)]
  0x06d4b400 JavaThread "D3D Screen Updater" daemon [_thread_blocked, id=200, stack(0x04440000,0x04490000)]
  0x03ed0400 JavaThread "Swing-Shell" daemon [_thread_blocked, id=2032, stack(0x04530000,0x04580000)]
  0x06cfdc00 JavaThread "TimerQueue" daemon [_thread_blocked, id=3180, stack(0x044e0000,0x04530000)]
  0x00599000 JavaThread "DestroyJavaVM" [_thread_blocked, id=2672, stack(0x00360000,0x003b0000)]
  0x03eec800 JavaThread "AWT-EventQueue-0" [_thread_in_native, id=3184, stack(0x04320000,0x04370000)]
=>0x03ede800 JavaThread "AWT-Windows" daemon [_thread_in_native, id=3452, stack(0x04290000,0x042e0000)]
  0x03ede000 JavaThread "AWT-Shutdown" [_thread_blocked, id=764, stack(0x03e70000,0x03ec0000)]
  0x03edb800 JavaThread "Java2D Disposer" daemon [_thread_blocked, id=2040, stack(0x03e20000,0x03e70000)]
  0x019f6400 JavaThread "Low Memory Detector" daemon [_thread_blocked, id=696, stack(0x03d80000,0x03dd0000)]
  0x019efc00 JavaThread "CompilerThread0" daemon [_thread_blocked, id=4000, stack(0x03d30000,0x03d80000)]
  0x019ef000 JavaThread "Attach Listener" daemon [_thread_blocked, id=3872, stack(0x03ce0000,0x03d30000)]
  0x019e4000 JavaThread "Signal Dispatcher" daemon [_thread_blocked, id=1756, stack(0x03c90000,0x03ce0000)]
  0x019a2800 JavaThread "Finalizer" daemon [_thread_blocked, id=4052, stack(0x03c40000,0x03c90000)]
  0x019a1400 JavaThread "Reference Handler" daemon [_thread_blocked, id=2452, stack(0x03bf0000,0x03c40000)]

Other Threads:
  0x019a0000 VMThread [stack: 0x03ba0000,0x03bf0000] [id=2700]
  0x019f7800 WatcherThread [stack: 0x03dd0000,0x03e20000] [id=656]

VM state:not at safepoint (normal execution)

VM Mutex/Monitor currently owned by a thread: None

Heap
 def new generation   total 4928K, used 778K [0x236b0000, 0x23c00000, 0x28c00000)
  eden space 4416K,  11% used [0x236b0000, 0x2372c868, 0x23b00000)
  from space 512K,  54% used [0x23b80000, 0x23bc6290, 0x23c00000)
  to   space 512K,   0% used [0x23b00000, 0x23b00000, 0x23b80000)
 tenured generation   total 10944K, used 2472K [0x28c00000, 0x296b0000, 0x336b0000)
   the space 10944K,  22% used [0x28c00000, 0x28e6a3c8, 0x28e6a400, 0x296b0000)
 compacting perm gen  total 12288K, used 3233K [0x336b0000, 0x342b0000, 0x376b0000)
   the space 12288K,  26% used [0x336b0000, 0x339d87a8, 0x339d8800, 0x342b0000)
    ro space 10240K,  54% used [0x376b0000, 0x37c2b760, 0x37c2b800, 0x380b0000)
    rw space 12288K,  55% used [0x380b0000, 0x3874f798, 0x3874f800, 0x38cb0000)

Dynamic libraries:
0x00400000 - 0x00424000 	C:\Program Files\Java\jdk1.6.0_19\bin\java.exe
0x776f0000 - 0x7782c000 	C:\Windows\SYSTEM32\ntdll.dll
0x75e00000 - 0x75ed4000 	C:\Windows\system32\kernel32.dll
0x75af0000 - 0x75b3a000 	C:\Windows\system32\KERNELBASE.dll
0x75b40000 - 0x75be0000 	C:\Windows\system32\ADVAPI32.dll
0x77860000 - 0x7790c000 	C:\Windows\system32\msvcrt.dll
0x77830000 - 0x77849000 	C:\Windows\SYSTEM32\sechost.dll
0x77390000 - 0x77431000 	C:\Windows\system32\RPCRT4.dll
0x7c340000 - 0x7c396000 	C:\Program Files\Java\jdk1.6.0_19\jre\bin\msvcr71.dll
0x6d8b0000 - 0x6db47000 	C:\Program Files\Java\jdk1.6.0_19\jre\bin\client\jvm.dll
0x77190000 - 0x77259000 	C:\Windows\system32\USER32.dll
0x76480000 - 0x764ce000 	C:\Windows\system32\GDI32.dll
0x77180000 - 0x7718a000 	C:\Windows\system32\LPK.dll
0x761b0000 - 0x7624d000 	C:\Windows\system32\USP10.dll
0x70880000 - 0x708b2000 	C:\Windows\system32\WINMM.dll
0x75be0000 - 0x75bff000 	C:\Windows\system32\IMM32.DLL
0x763b0000 - 0x7647c000 	C:\Windows\system32\MSCTF.dll
0x75770000 - 0x757bb000 	C:\Windows\system32\apphelp.dll
0x6d860000 - 0x6d86c000 	C:\Program Files\Java\jdk1.6.0_19\jre\bin\verify.dll
0x6d3e0000 - 0x6d3ff000 	C:\Program Files\Java\jdk1.6.0_19\jre\bin\java.dll
0x6d340000 - 0x6d348000 	C:\Program Files\Java\jdk1.6.0_19\jre\bin\hpi.dll
0x77910000 - 0x77915000 	C:\Windows\system32\PSAPI.DLL
0x6d8a0000 - 0x6d8af000 	C:\Program Files\Java\jdk1.6.0_19\jre\bin\zip.dll
0x6d0b0000 - 0x6d1fa000 	C:\Program Files\Java\jdk1.6.0_19\jre\bin\awt.dll
0x74040000 - 0x74091000 	C:\Windows\system32\WINSPOOL.DRV
0x76050000 - 0x761ac000 	C:\Windows\system32\ole32.dll
0x747b0000 - 0x7494e000 	C:\Windows\WinSxS\x86_microsoft.windows.common-controls_6595b64144ccf1df_6.0.7600.16385_none_421189da2b7fabfc\COMCTL32.dll
0x77260000 - 0x772b7000 	C:\Windows\system32\SHLWAPI.dll
0x74170000 - 0x74183000 	C:\Windows\system32\DWMAPI.DLL
0x74520000 - 0x74560000 	C:\Windows\system32\uxtheme.dll
0x757c0000 - 0x757cc000 	C:\Windows\system32\CRYPTBASE.dll
0x10000000 - 0x10009000 	C:\Program Files\Lenovo\Energy Management\BatteryTestDLL.dll
0x6e4e0000 - 0x6e57b000 	C:\Windows\WinSxS\x86_microsoft.vc80.crt_1fc8b3b9a1e18e3b_8.0.50727.4927_none_d08a205e442db5b5\MSVCR80.dll
0x764d0000 - 0x77119000 	C:\Windows\system32\shell32.dll
0x6d2e0000 - 0x6d334000 	C:\Program Files\Java\jdk1.6.0_19\jre\bin\fontmanager.dll
0x73540000 - 0x73703000 	C:\Windows\system32\d3d9.dll
0x74d40000 - 0x74d49000 	C:\Windows\system32\VERSION.dll
0x740b0000 - 0x740b6000 	C:\Windows\system32\d3d8thk.dll
0x702f0000 - 0x7039c000 	C:\Windows\system32\aticfx32.dll
0x64330000 - 0x6433b000 	C:\Windows\system32\atiu9pag.dll
0x63ad0000 - 0x63ef8000 	C:\Windows\system32\atiumdag.dll
0x63f50000 - 0x6432d000 	C:\Windows\system32\atiumdva.dll
0x6d6c0000 - 0x6d6d3000 	C:\Program Files\Java\jdk1.6.0_19\jre\bin\net.dll
0x77350000 - 0x77385000 	C:\Windows\system32\WS2_32.dll
0x77120000 - 0x77126000 	C:\Windows\system32\NSI.dll
0x75280000 - 0x752bc000 	C:\Windows\system32\mswsock.dll
0x75270000 - 0x75276000 	C:\Windows\System32\wship6.dll
0x6d6e0000 - 0x6d6e9000 	C:\Program Files\Java\jdk1.6.0_19\jre\bin\nio.dll
0x04490000 - 0x044c8000 	C:\Program Files\Lenovo\Bluetooth Software\btmmhook.dll
0x77440000 - 0x774cf000 	C:\Windows\system32\OLEAUT32.dll
0x774d0000 - 0x7766d000 	C:\Windows\system32\SETUPAPI.dll
0x759e0000 - 0x75a07000 	C:\Windows\system32\CFGMGR32.dll
0x75a10000 - 0x75a22000 	C:\Windows\system32\DEVOBJ.dll
0x772c0000 - 0x77343000 	C:\Windows\system32\CLBCatQ.DLL
0x74670000 - 0x74765000 	C:\Windows\system32\propsys.dll
0x74100000 - 0x74121000 	C:\Windows\system32\ntmarta.dll
0x77130000 - 0x77175000 	C:\Windows\system32\WLDAP32.dll
0x6e150000 - 0x6e2e8000 	C:\Windows\system32\NetworkExplorer.dll
0x6e4b0000 - 0x6e4de000 	C:\Windows\System32\shdocvw.dll
0x75840000 - 0x7584b000 	C:\Windows\system32\profapi.dll
0x73920000 - 0x7392a000 	C:\Windows\system32\slc.dll
0x71b40000 - 0x71b52000 	C:\Windows\system32\MPR.dll
0x67ce0000 - 0x67ce8000 	C:\Windows\System32\drprov.dll
0x756d0000 - 0x756f9000 	C:\Windows\System32\WINSTA.dll
0x620c0000 - 0x620d4000 	C:\Windows\System32\ntlanman.dll
0x620a0000 - 0x620b6000 	C:\Windows\System32\davclnt.dll
0x67cd0000 - 0x67cd8000 	C:\Windows\System32\DAVHLPR.dll
0x74030000 - 0x7403f000 	C:\Windows\system32\wkscli.dll
0x6f360000 - 0x6f36b000 	C:\Windows\system32\cscapi.dll
0x740c0000 - 0x740c9000 	C:\Windows\system32\netutils.dll
0x61ad0000 - 0x61d08000 	C:\Windows\system32\wpdshext.dll
0x74390000 - 0x74520000 	C:\Windows\WinSxS\x86_microsoft.windows.gdiplus_6595b64144ccf1df_1.1.7600.16385_none_72fc7cbf861225ca\gdiplus.dll
0x6ca90000 - 0x6cb19000 	C:\Windows\system32\PortableDeviceApi.dll
0x75a30000 - 0x75a5d000 	C:\Windows\system32\WINTRUST.dll
0x758c0000 - 0x759dc000 	C:\Windows\system32\CRYPT32.dll
0x758b0000 - 0x758bc000 	C:\Windows\system32\MSASN1.dll
0x61fb0000 - 0x61fef000 	C:\Windows\system32\audiodev.dll
0x61860000 - 0x61ac7000 	C:\Windows\system32\WMVCore.DLL
0x61ed0000 - 0x61f0d000 	C:\Windows\system32\WMASF.DLL
0x703e0000 - 0x70411000 	C:\Windows\system32\EhStorShell.dll
0x61f80000 - 0x61fa2000 	C:\Windows\system32\EhStorAPI.dll
0x6e4a0000 - 0x6e4a9000 	C:\Windows\system32\LINKINFO.dll
0x6d250000 - 0x6d273000 	C:\Program Files\Java\jdk1.6.0_19\jre\bin\dcpr.dll
0x77670000 - 0x776eb000 	C:\Windows\system32\COMDLG32.DLL
0x61060000 - 0x61114000 	C:\Windows\system32\spool\DRIVERS\W32X86\3\PS5UI.DLL
0x61270000 - 0x612f8000 	C:\Windows\system32\spool\DRIVERS\W32X86\3\PSCRIPT5.DLL
0x60fe0000 - 0x61059000 	C:\Windows\system32\mscms.dll
0x74ea0000 - 0x74eb7000 	C:\Windows\system32\USERENV.dll

VM Arguments:
jvm_args: -Dfile.encoding=UTF-8 
java_command: interfaz.Interfaz
Launcher Type: SUN_STANDARD

Environment Variables:
PATH=C:\Program Files\AMD APP\bin\x86;C:\Windows\system32;C:\Windows;C:\Windows\System32\Wbem;C:\Windows\System32\WindowsPowerShell\v1.0\;C:\Program Files\Lenovo\Bluetooth Software\;C:\Program Files\ATI Technologies\ATI.ACE\Core-Static
USERNAME=Jacob
OS=Windows_NT
PROCESSOR_IDENTIFIER=x86 Family 20 Model 2 Stepping 0, AuthenticAMD



---------------  S Y S T E M  ---------------

OS: Windows 7 Build 7600 

CPU:total 2 (2 cores per cpu, 1 threads per core) family 20 model 2 stepping 0, cmov, cx8, fxsr, mmx, sse, sse2, sse3, ssse3, popcnt, mmxext, lzcnt, sse4a

Memory: 4k page, physical 1680048k(866824k free), swap 3360096k(2080220k free)

vm_info: Java HotSpot(TM) Client VM (16.2-b04) for windows-x86 JRE (1.6.0_19-b04), built on Mar  9 2010 00:48:41 by "java_re" with MS VC++ 7.1 (VS2003)

time: Wed Mar 07 13:30:10 2012
elapsed time: 649 seconds

